  Assignment01.c
C:\Users\bhavy\OneDrive\Desktop\CarteNav Solutions\GitHub\Assignment 01\Assignment01.c(51,40): warning C4244: 'function': conversion from 'double' to 'GLfloat', possible loss of data
C:\Users\bhavy\OneDrive\Desktop\CarteNav Solutions\GitHub\Assignment 01\Assignment01.c(51,68): warning C4244: 'function': conversion from 'double' to 'GLfloat', possible loss of data
C:\Users\bhavy\OneDrive\Desktop\CarteNav Solutions\GitHub\Assignment 01\Assignment01.c(54,40): warning C4244: 'function': conversion from 'double' to 'GLfloat', possible loss of data
C:\Users\bhavy\OneDrive\Desktop\CarteNav Solutions\GitHub\Assignment 01\Assignment01.c(54,68): warning C4244: 'function': conversion from 'double' to 'GLfloat', possible loss of data
C:\Users\bhavy\OneDrive\Desktop\CarteNav Solutions\GitHub\Assignment 01\Assignment01.c(57,40): warning C4244: 'function': conversion from 'double' to 'GLfloat', possible loss of data
C:\Users\bhavy\OneDrive\Desktop\CarteNav Solutions\GitHub\Assignment 01\Assignment01.c(57,68): warning C4244: 'function': conversion from 'double' to 'GLfloat', possible loss of data
C:\Users\bhavy\OneDrive\Desktop\CarteNav Solutions\GitHub\Assignment 01\Assignment01.c(60,40): warning C4244: 'function': conversion from 'double' to 'GLfloat', possible loss of data
C:\Users\bhavy\OneDrive\Desktop\CarteNav Solutions\GitHub\Assignment 01\Assignment01.c(60,68): warning C4244: 'function': conversion from 'double' to 'GLfloat', possible loss of data
C:\Users\bhavy\OneDrive\Desktop\CarteNav Solutions\GitHub\Assignment 01\Assignment01.c(66,40): warning C4244: 'function': conversion from 'double' to 'GLfloat', possible loss of data
C:\Users\bhavy\OneDrive\Desktop\CarteNav Solutions\GitHub\Assignment 01\Assignment01.c(66,68): warning C4244: 'function': conversion from 'double' to 'GLfloat', possible loss of data
C:\Users\bhavy\OneDrive\Desktop\CarteNav Solutions\GitHub\Assignment 01\Assignment01.c(69,40): warning C4244: 'function': conversion from 'double' to 'GLfloat', possible loss of data
C:\Users\bhavy\OneDrive\Desktop\CarteNav Solutions\GitHub\Assignment 01\Assignment01.c(69,68): warning C4244: 'function': conversion from 'double' to 'GLfloat', possible loss of data
C:\Users\bhavy\OneDrive\Desktop\CarteNav Solutions\GitHub\Assignment 01\Assignment01.c(72,40): warning C4244: 'function': conversion from 'double' to 'GLfloat', possible loss of data
C:\Users\bhavy\OneDrive\Desktop\CarteNav Solutions\GitHub\Assignment 01\Assignment01.c(72,68): warning C4244: 'function': conversion from 'double' to 'GLfloat', possible loss of data
C:\Users\bhavy\OneDrive\Desktop\CarteNav Solutions\GitHub\Assignment 01\Assignment01.c(75,40): warning C4244: 'function': conversion from 'double' to 'GLfloat', possible loss of data
C:\Users\bhavy\OneDrive\Desktop\CarteNav Solutions\GitHub\Assignment 01\Assignment01.c(75,68): warning C4244: 'function': conversion from 'double' to 'GLfloat', possible loss of data
C:\Users\bhavy\OneDrive\Desktop\CarteNav Solutions\GitHub\Assignment 01\Assignment01.c(81,40): warning C4244: 'function': conversion from 'double' to 'GLfloat', possible loss of data
C:\Users\bhavy\OneDrive\Desktop\CarteNav Solutions\GitHub\Assignment 01\Assignment01.c(81,68): warning C4244: 'function': conversion from 'double' to 'GLfloat', possible loss of data
C:\Users\bhavy\OneDrive\Desktop\CarteNav Solutions\GitHub\Assignment 01\Assignment01.c(84,40): warning C4244: 'function': conversion from 'double' to 'GLfloat', possible loss of data
C:\Users\bhavy\OneDrive\Desktop\CarteNav Solutions\GitHub\Assignment 01\Assignment01.c(84,68): warning C4244: 'function': conversion from 'double' to 'GLfloat', possible loss of data
C:\Users\bhavy\OneDrive\Desktop\CarteNav Solutions\GitHub\Assignment 01\Assignment01.c(87,40): warning C4244: 'function': conversion from 'double' to 'GLfloat', possible loss of data
C:\Users\bhavy\OneDrive\Desktop\CarteNav Solutions\GitHub\Assignment 01\Assignment01.c(87,68): warning C4244: 'function': conversion from 'double' to 'GLfloat', possible loss of data
C:\Users\bhavy\OneDrive\Desktop\CarteNav Solutions\GitHub\Assignment 01\Assignment01.c(90,40): warning C4244: 'function': conversion from 'double' to 'GLfloat', possible loss of data
C:\Users\bhavy\OneDrive\Desktop\CarteNav Solutions\GitHub\Assignment 01\Assignment01.c(90,68): warning C4244: 'function': conversion from 'double' to 'GLfloat', possible loss of data
C:\Users\bhavy\OneDrive\Desktop\CarteNav Solutions\GitHub\Assignment 01\Assignment01.c(96,17): warning C4305: 'function': truncation from 'double' to 'GLfloat'
C:\Users\bhavy\OneDrive\Desktop\CarteNav Solutions\GitHub\Assignment 01\Assignment01.c(96,45): warning C4244: 'function': conversion from 'double' to 'GLfloat', possible loss of data
C:\Users\bhavy\OneDrive\Desktop\CarteNav Solutions\GitHub\Assignment 01\Assignment01.c(99,17): warning C4305: 'function': truncation from 'double' to 'GLfloat'
C:\Users\bhavy\OneDrive\Desktop\CarteNav Solutions\GitHub\Assignment 01\Assignment01.c(99,45): warning C4244: 'function': conversion from 'double' to 'GLfloat', possible loss of data
C:\Users\bhavy\OneDrive\Desktop\CarteNav Solutions\GitHub\Assignment 01\Assignment01.c(102,17): warning C4305: 'function': truncation from 'double' to 'GLfloat'
C:\Users\bhavy\OneDrive\Desktop\CarteNav Solutions\GitHub\Assignment 01\Assignment01.c(102,45): warning C4244: 'function': conversion from 'double' to 'GLfloat', possible loss of data
C:\Users\bhavy\OneDrive\Desktop\CarteNav Solutions\GitHub\Assignment 01\Assignment01.c(105,17): warning C4305: 'function': truncation from 'double' to 'GLfloat'
C:\Users\bhavy\OneDrive\Desktop\CarteNav Solutions\GitHub\Assignment 01\Assignment01.c(105,45): warning C4244: 'function': conversion from 'double' to 'GLfloat', possible loss of data
C:\Users\bhavy\OneDrive\Desktop\CarteNav Solutions\GitHub\Assignment 01\Assignment01.c(111,17): warning C4305: 'function': truncation from 'double' to 'GLfloat'
C:\Users\bhavy\OneDrive\Desktop\CarteNav Solutions\GitHub\Assignment 01\Assignment01.c(111,45): warning C4244: 'function': conversion from 'double' to 'GLfloat', possible loss of data
C:\Users\bhavy\OneDrive\Desktop\CarteNav Solutions\GitHub\Assignment 01\Assignment01.c(114,17): warning C4305: 'function': truncation from 'double' to 'GLfloat'
C:\Users\bhavy\OneDrive\Desktop\CarteNav Solutions\GitHub\Assignment 01\Assignment01.c(114,45): warning C4244: 'function': conversion from 'double' to 'GLfloat', possible loss of data
C:\Users\bhavy\OneDrive\Desktop\CarteNav Solutions\GitHub\Assignment 01\Assignment01.c(117,17): warning C4305: 'function': truncation from 'double' to 'GLfloat'
C:\Users\bhavy\OneDrive\Desktop\CarteNav Solutions\GitHub\Assignment 01\Assignment01.c(117,45): warning C4244: 'function': conversion from 'double' to 'GLfloat', possible loss of data
C:\Users\bhavy\OneDrive\Desktop\CarteNav Solutions\GitHub\Assignment 01\Assignment01.c(120,17): warning C4305: 'function': truncation from 'double' to 'GLfloat'
C:\Users\bhavy\OneDrive\Desktop\CarteNav Solutions\GitHub\Assignment 01\Assignment01.c(120,45): warning C4244: 'function': conversion from 'double' to 'GLfloat', possible loss of data
C:\Users\bhavy\OneDrive\Desktop\CarteNav Solutions\GitHub\Assignment 01\Assignment01.c(126,17): warning C4305: 'function': truncation from 'double' to 'GLfloat'
C:\Users\bhavy\OneDrive\Desktop\CarteNav Solutions\GitHub\Assignment 01\Assignment01.c(126,45): warning C4244: 'function': conversion from 'double' to 'GLfloat', possible loss of data
C:\Users\bhavy\OneDrive\Desktop\CarteNav Solutions\GitHub\Assignment 01\Assignment01.c(129,17): warning C4305: 'function': truncation from 'double' to 'GLfloat'
C:\Users\bhavy\OneDrive\Desktop\CarteNav Solutions\GitHub\Assignment 01\Assignment01.c(129,45): warning C4244: 'function': conversion from 'double' to 'GLfloat', possible loss of data
C:\Users\bhavy\OneDrive\Desktop\CarteNav Solutions\GitHub\Assignment 01\Assignment01.c(132,17): warning C4305: 'function': truncation from 'double' to 'GLfloat'
C:\Users\bhavy\OneDrive\Desktop\CarteNav Solutions\GitHub\Assignment 01\Assignment01.c(132,45): warning C4244: 'function': conversion from 'double' to 'GLfloat', possible loss of data
C:\Users\bhavy\OneDrive\Desktop\CarteNav Solutions\GitHub\Assignment 01\Assignment01.c(135,17): warning C4305: 'function': truncation from 'double' to 'GLfloat'
C:\Users\bhavy\OneDrive\Desktop\CarteNav Solutions\GitHub\Assignment 01\Assignment01.c(135,45): warning C4244: 'function': conversion from 'double' to 'GLfloat', possible loss of data
C:\Users\bhavy\OneDrive\Desktop\CarteNav Solutions\GitHub\Assignment 01\Assignment01.c(141,40): warning C4244: 'function': conversion from 'double' to 'GLfloat', possible loss of data
C:\Users\bhavy\OneDrive\Desktop\CarteNav Solutions\GitHub\Assignment 01\Assignment01.c(141,68): warning C4244: 'function': conversion from 'double' to 'GLfloat', possible loss of data
C:\Users\bhavy\OneDrive\Desktop\CarteNav Solutions\GitHub\Assignment 01\Assignment01.c(144,40): warning C4244: 'function': conversion from 'double' to 'GLfloat', possible loss of data
C:\Users\bhavy\OneDrive\Desktop\CarteNav Solutions\GitHub\Assignment 01\Assignment01.c(144,68): warning C4244: 'function': conversion from 'double' to 'GLfloat', possible loss of data
C:\Users\bhavy\OneDrive\Desktop\CarteNav Solutions\GitHub\Assignment 01\Assignment01.c(147,40): warning C4244: 'function': conversion from 'double' to 'GLfloat', possible loss of data
C:\Users\bhavy\OneDrive\Desktop\CarteNav Solutions\GitHub\Assignment 01\Assignment01.c(147,68): warning C4244: 'function': conversion from 'double' to 'GLfloat', possible loss of data
C:\Users\bhavy\OneDrive\Desktop\CarteNav Solutions\GitHub\Assignment 01\Assignment01.c(150,40): warning C4244: 'function': conversion from 'double' to 'GLfloat', possible loss of data
C:\Users\bhavy\OneDrive\Desktop\CarteNav Solutions\GitHub\Assignment 01\Assignment01.c(150,68): warning C4244: 'function': conversion from 'double' to 'GLfloat', possible loss of data
C:\Users\bhavy\OneDrive\Desktop\CarteNav Solutions\GitHub\Assignment 01\Assignment01.c(156,17): warning C4305: 'function': truncation from 'double' to 'GLfloat'
C:\Users\bhavy\OneDrive\Desktop\CarteNav Solutions\GitHub\Assignment 01\Assignment01.c(156,45): warning C4244: 'function': conversion from 'double' to 'GLfloat', possible loss of data
C:\Users\bhavy\OneDrive\Desktop\CarteNav Solutions\GitHub\Assignment 01\Assignment01.c(159,17): warning C4305: 'function': truncation from 'double' to 'GLfloat'
C:\Users\bhavy\OneDrive\Desktop\CarteNav Solutions\GitHub\Assignment 01\Assignment01.c(159,45): warning C4244: 'function': conversion from 'double' to 'GLfloat', possible loss of data
C:\Users\bhavy\OneDrive\Desktop\CarteNav Solutions\GitHub\Assignment 01\Assignment01.c(162,17): warning C4305: 'function': truncation from 'double' to 'GLfloat'
C:\Users\bhavy\OneDrive\Desktop\CarteNav Solutions\GitHub\Assignment 01\Assignment01.c(162,45): warning C4244: 'function': conversion from 'double' to 'GLfloat', possible loss of data
C:\Users\bhavy\OneDrive\Desktop\CarteNav Solutions\GitHub\Assignment 01\Assignment01.c(165,17): warning C4305: 'function': truncation from 'double' to 'GLfloat'
C:\Users\bhavy\OneDrive\Desktop\CarteNav Solutions\GitHub\Assignment 01\Assignment01.c(165,45): warning C4244: 'function': conversion from 'double' to 'GLfloat', possible loss of data
C:\Users\bhavy\OneDrive\Desktop\CarteNav Solutions\GitHub\Assignment 01\Assignment01.c(171,17): warning C4305: 'function': truncation from 'double' to 'GLfloat'
C:\Users\bhavy\OneDrive\Desktop\CarteNav Solutions\GitHub\Assignment 01\Assignment01.c(171,45): warning C4244: 'function': conversion from 'double' to 'GLfloat', possible loss of data
C:\Users\bhavy\OneDrive\Desktop\CarteNav Solutions\GitHub\Assignment 01\Assignment01.c(174,17): warning C4305: 'function': truncation from 'double' to 'GLfloat'
C:\Users\bhavy\OneDrive\Desktop\CarteNav Solutions\GitHub\Assignment 01\Assignment01.c(174,45): warning C4244: 'function': conversion from 'double' to 'GLfloat', possible loss of data
C:\Users\bhavy\OneDrive\Desktop\CarteNav Solutions\GitHub\Assignment 01\Assignment01.c(177,17): warning C4305: 'function': truncation from 'double' to 'GLfloat'
C:\Users\bhavy\OneDrive\Desktop\CarteNav Solutions\GitHub\Assignment 01\Assignment01.c(177,45): warning C4244: 'function': conversion from 'double' to 'GLfloat', possible loss of data
C:\Users\bhavy\OneDrive\Desktop\CarteNav Solutions\GitHub\Assignment 01\Assignment01.c(180,17): warning C4305: 'function': truncation from 'double' to 'GLfloat'
C:\Users\bhavy\OneDrive\Desktop\CarteNav Solutions\GitHub\Assignment 01\Assignment01.c(180,45): warning C4244: 'function': conversion from 'double' to 'GLfloat', possible loss of data
C:\Users\bhavy\OneDrive\Desktop\CarteNav Solutions\GitHub\Assignment 01\Assignment01.c(186,17): warning C4305: 'function': truncation from 'double' to 'GLfloat'
C:\Users\bhavy\OneDrive\Desktop\CarteNav Solutions\GitHub\Assignment 01\Assignment01.c(186,45): warning C4244: 'function': conversion from 'double' to 'GLfloat', possible loss of data
C:\Users\bhavy\OneDrive\Desktop\CarteNav Solutions\GitHub\Assignment 01\Assignment01.c(189,17): warning C4305: 'function': truncation from 'double' to 'GLfloat'
C:\Users\bhavy\OneDrive\Desktop\CarteNav Solutions\GitHub\Assignment 01\Assignment01.c(189,45): warning C4244: 'function': conversion from 'double' to 'GLfloat', possible loss of data
C:\Users\bhavy\OneDrive\Desktop\CarteNav Solutions\GitHub\Assignment 01\Assignment01.c(192,17): warning C4305: 'function': truncation from 'double' to 'GLfloat'
C:\Users\bhavy\OneDrive\Desktop\CarteNav Solutions\GitHub\Assignment 01\Assignment01.c(192,45): warning C4244: 'function': conversion from 'double' to 'GLfloat', possible loss of data
C:\Users\bhavy\OneDrive\Desktop\CarteNav Solutions\GitHub\Assignment 01\Assignment01.c(195,17): warning C4305: 'function': truncation from 'double' to 'GLfloat'
C:\Users\bhavy\OneDrive\Desktop\CarteNav Solutions\GitHub\Assignment 01\Assignment01.c(195,45): warning C4244: 'function': conversion from 'double' to 'GLfloat', possible loss of data
C:\Users\bhavy\OneDrive\Desktop\CarteNav Solutions\GitHub\Assignment 01\Assignment01.c(201,40): warning C4244: 'function': conversion from 'double' to 'GLfloat', possible loss of data
C:\Users\bhavy\OneDrive\Desktop\CarteNav Solutions\GitHub\Assignment 01\Assignment01.c(201,68): warning C4244: 'function': conversion from 'double' to 'GLfloat', possible loss of data
C:\Users\bhavy\OneDrive\Desktop\CarteNav Solutions\GitHub\Assignment 01\Assignment01.c(204,40): warning C4244: 'function': conversion from 'double' to 'GLfloat', possible loss of data
C:\Users\bhavy\OneDrive\Desktop\CarteNav Solutions\GitHub\Assignment 01\Assignment01.c(204,68): warning C4244: 'function': conversion from 'double' to 'GLfloat', possible loss of data
C:\Users\bhavy\OneDrive\Desktop\CarteNav Solutions\GitHub\Assignment 01\Assignment01.c(207,40): warning C4244: 'function': conversion from 'double' to 'GLfloat', possible loss of data
C:\Users\bhavy\OneDrive\Desktop\CarteNav Solutions\GitHub\Assignment 01\Assignment01.c(207,68): warning C4244: 'function': conversion from 'double' to 'GLfloat', possible loss of data
C:\Users\bhavy\OneDrive\Desktop\CarteNav Solutions\GitHub\Assignment 01\Assignment01.c(210,40): warning C4244: 'function': conversion from 'double' to 'GLfloat', possible loss of data
C:\Users\bhavy\OneDrive\Desktop\CarteNav Solutions\GitHub\Assignment 01\Assignment01.c(210,68): warning C4244: 'function': conversion from 'double' to 'GLfloat', possible loss of data
C:\Users\bhavy\OneDrive\Desktop\CarteNav Solutions\GitHub\Assignment 01\Assignment01.c(216,40): warning C4244: 'function': conversion from 'double' to 'GLfloat', possible loss of data
C:\Users\bhavy\OneDrive\Desktop\CarteNav Solutions\GitHub\Assignment 01\Assignment01.c(216,68): warning C4244: 'function': conversion from 'double' to 'GLfloat', possible loss of data
C:\Users\bhavy\OneDrive\Desktop\CarteNav Solutions\GitHub\Assignment 01\Assignment01.c(219,40): warning C4244: 'function': conversion from 'double' to 'GLfloat', possible loss of data
C:\Users\bhavy\OneDrive\Desktop\CarteNav Solutions\GitHub\Assignment 01\Assignment01.c(219,68): warning C4244: 'function': conversion from 'double' to 'GLfloat', possible loss of data
C:\Users\bhavy\OneDrive\Desktop\CarteNav Solutions\GitHub\Assignment 01\Assignment01.c(222,40): warning C4244: 'function': conversion from 'double' to 'GLfloat', possible loss of data
C:\Users\bhavy\OneDrive\Desktop\CarteNav Solutions\GitHub\Assignment 01\Assignment01.c(222,68): warning C4244: 'function': conversion from 'double' to 'GLfloat', possible loss of data
C:\Users\bhavy\OneDrive\Desktop\CarteNav Solutions\GitHub\Assignment 01\Assignment01.c(225,40): warning C4244: 'function': conversion from 'double' to 'GLfloat', possible loss of data
C:\Users\bhavy\OneDrive\Desktop\CarteNav Solutions\GitHub\Assignment 01\Assignment01.c(225,68): warning C4244: 'function': conversion from 'double' to 'GLfloat', possible loss of data
C:\Users\bhavy\OneDrive\Desktop\CarteNav Solutions\GitHub\Assignment 01\Assignment01.c(231,40): warning C4244: 'function': conversion from 'double' to 'GLfloat', possible loss of data
C:\Users\bhavy\OneDrive\Desktop\CarteNav Solutions\GitHub\Assignment 01\Assignment01.c(231,68): warning C4244: 'function': conversion from 'double' to 'GLfloat', possible loss of data
C:\Users\bhavy\OneDrive\Desktop\CarteNav Solutions\GitHub\Assignment 01\Assignment01.c(234,40): warning C4244: 'function': conversion from 'double' to 'GLfloat', possible loss of data
C:\Users\bhavy\OneDrive\Desktop\CarteNav Solutions\GitHub\Assignment 01\Assignment01.c(234,68): warning C4244: 'function': conversion from 'double' to 'GLfloat', possible loss of data
C:\Users\bhavy\OneDrive\Desktop\CarteNav Solutions\GitHub\Assignment 01\Assignment01.c(237,40): warning C4244: 'function': conversion from 'double' to 'GLfloat', possible loss of data
C:\Users\bhavy\OneDrive\Desktop\CarteNav Solutions\GitHub\Assignment 01\Assignment01.c(237,68): warning C4244: 'function': conversion from 'double' to 'GLfloat', possible loss of data
C:\Users\bhavy\OneDrive\Desktop\CarteNav Solutions\GitHub\Assignment 01\Assignment01.c(240,40): warning C4244: 'function': conversion from 'double' to 'GLfloat', possible loss of data
C:\Users\bhavy\OneDrive\Desktop\CarteNav Solutions\GitHub\Assignment 01\Assignment01.c(240,68): warning C4244: 'function': conversion from 'double' to 'GLfloat', possible loss of data
C:\Users\bhavy\OneDrive\Desktop\CarteNav Solutions\GitHub\Assignment 01\Assignment01.c(257,39): warning C4244: 'function': conversion from 'double' to 'GLfloat', possible loss of data
C:\Users\bhavy\OneDrive\Desktop\CarteNav Solutions\GitHub\Assignment 01\Assignment01.c(257,67): warning C4244: 'function': conversion from 'double' to 'GLfloat', possible loss of data
C:\Users\bhavy\OneDrive\Desktop\CarteNav Solutions\GitHub\Assignment 01\Assignment01.c(258,39): warning C4244: 'function': conversion from 'double' to 'GLfloat', possible loss of data
C:\Users\bhavy\OneDrive\Desktop\CarteNav Solutions\GitHub\Assignment 01\Assignment01.c(258,67): warning C4244: 'function': conversion from 'double' to 'GLfloat', possible loss of data
C:\Users\bhavy\OneDrive\Desktop\CarteNav Solutions\GitHub\Assignment 01\Assignment01.c(261,39): warning C4244: 'function': conversion from 'double' to 'GLfloat', possible loss of data
C:\Users\bhavy\OneDrive\Desktop\CarteNav Solutions\GitHub\Assignment 01\Assignment01.c(261,67): warning C4244: 'function': conversion from 'double' to 'GLfloat', possible loss of data
C:\Users\bhavy\OneDrive\Desktop\CarteNav Solutions\GitHub\Assignment 01\Assignment01.c(264,39): warning C4244: 'function': conversion from 'double' to 'GLfloat', possible loss of data
C:\Users\bhavy\OneDrive\Desktop\CarteNav Solutions\GitHub\Assignment 01\Assignment01.c(264,67): warning C4244: 'function': conversion from 'double' to 'GLfloat', possible loss of data
C:\Users\bhavy\OneDrive\Desktop\CarteNav Solutions\GitHub\Assignment 01\Assignment01.c(271,39): warning C4244: 'function': conversion from 'double' to 'GLfloat', possible loss of data
C:\Users\bhavy\OneDrive\Desktop\CarteNav Solutions\GitHub\Assignment 01\Assignment01.c(271,44): warning C4305: 'function': truncation from 'double' to 'GLfloat'
C:\Users\bhavy\OneDrive\Desktop\CarteNav Solutions\GitHub\Assignment 01\Assignment01.c(274,39): warning C4244: 'function': conversion from 'double' to 'GLfloat', possible loss of data
C:\Users\bhavy\OneDrive\Desktop\CarteNav Solutions\GitHub\Assignment 01\Assignment01.c(274,44): warning C4305: 'function': truncation from 'double' to 'GLfloat'
C:\Users\bhavy\OneDrive\Desktop\CarteNav Solutions\GitHub\Assignment 01\Assignment01.c(277,39): warning C4244: 'function': conversion from 'double' to 'GLfloat', possible loss of data
C:\Users\bhavy\OneDrive\Desktop\CarteNav Solutions\GitHub\Assignment 01\Assignment01.c(277,67): warning C4244: 'function': conversion from 'double' to 'GLfloat', possible loss of data
C:\Users\bhavy\OneDrive\Desktop\CarteNav Solutions\GitHub\Assignment 01\Assignment01.c(280,39): warning C4244: 'function': conversion from 'double' to 'GLfloat', possible loss of data
C:\Users\bhavy\OneDrive\Desktop\CarteNav Solutions\GitHub\Assignment 01\Assignment01.c(280,67): warning C4244: 'function': conversion from 'double' to 'GLfloat', possible loss of data
C:\Users\bhavy\OneDrive\Desktop\CarteNav Solutions\GitHub\Assignment 01\Assignment01.c(286,44): warning C4244: 'function': conversion from 'double' to 'GLfloat', possible loss of data
C:\Users\bhavy\OneDrive\Desktop\CarteNav Solutions\GitHub\Assignment 01\Assignment01.c(289,16): warning C4305: 'function': truncation from 'double' to 'GLfloat'
C:\Users\bhavy\OneDrive\Desktop\CarteNav Solutions\GitHub\Assignment 01\Assignment01.c(289,44): warning C4244: 'function': conversion from 'double' to 'GLfloat', possible loss of data
C:\Users\bhavy\OneDrive\Desktop\CarteNav Solutions\GitHub\Assignment 01\Assignment01.c(292,16): warning C4305: 'function': truncation from 'double' to 'GLfloat'
C:\Users\bhavy\OneDrive\Desktop\CarteNav Solutions\GitHub\Assignment 01\Assignment01.c(292,44): warning C4244: 'function': conversion from 'double' to 'GLfloat', possible loss of data
C:\Users\bhavy\OneDrive\Desktop\CarteNav Solutions\GitHub\Assignment 01\Assignment01.c(295,44): warning C4244: 'function': conversion from 'double' to 'GLfloat', possible loss of data
C:\Users\bhavy\OneDrive\Desktop\CarteNav Solutions\GitHub\Assignment 01\Assignment01.c(301,44): warning C4244: 'function': conversion from 'double' to 'GLfloat', possible loss of data
C:\Users\bhavy\OneDrive\Desktop\CarteNav Solutions\GitHub\Assignment 01\Assignment01.c(304,39): warning C4244: 'function': conversion from 'double' to 'GLfloat', possible loss of data
C:\Users\bhavy\OneDrive\Desktop\CarteNav Solutions\GitHub\Assignment 01\Assignment01.c(304,67): warning C4244: 'function': conversion from 'double' to 'GLfloat', possible loss of data
C:\Users\bhavy\OneDrive\Desktop\CarteNav Solutions\GitHub\Assignment 01\Assignment01.c(307,39): warning C4244: 'function': conversion from 'double' to 'GLfloat', possible loss of data
C:\Users\bhavy\OneDrive\Desktop\CarteNav Solutions\GitHub\Assignment 01\Assignment01.c(307,67): warning C4244: 'function': conversion from 'double' to 'GLfloat', possible loss of data
C:\Users\bhavy\OneDrive\Desktop\CarteNav Solutions\GitHub\Assignment 01\Assignment01.c(310,44): warning C4244: 'function': conversion from 'double' to 'GLfloat', possible loss of data
C:\Users\bhavy\OneDrive\Desktop\CarteNav Solutions\GitHub\Assignment 01\Assignment01.c(316,44): warning C4244: 'function': conversion from 'double' to 'GLfloat', possible loss of data
C:\Users\bhavy\OneDrive\Desktop\CarteNav Solutions\GitHub\Assignment 01\Assignment01.c(319,16): warning C4305: 'function': truncation from 'double' to 'GLfloat'
C:\Users\bhavy\OneDrive\Desktop\CarteNav Solutions\GitHub\Assignment 01\Assignment01.c(319,44): warning C4244: 'function': conversion from 'double' to 'GLfloat', possible loss of data
C:\Users\bhavy\OneDrive\Desktop\CarteNav Solutions\GitHub\Assignment 01\Assignment01.c(322,16): warning C4305: 'function': truncation from 'double' to 'GLfloat'
C:\Users\bhavy\OneDrive\Desktop\CarteNav Solutions\GitHub\Assignment 01\Assignment01.c(322,44): warning C4244: 'function': conversion from 'double' to 'GLfloat', possible loss of data
C:\Users\bhavy\OneDrive\Desktop\CarteNav Solutions\GitHub\Assignment 01\Assignment01.c(325,44): warning C4244: 'function': conversion from 'double' to 'GLfloat', possible loss of data
C:\Users\bhavy\OneDrive\Desktop\CarteNav Solutions\GitHub\Assignment 01\Assignment01.c(331,39): warning C4244: 'function': conversion from 'double' to 'GLfloat', possible loss of data
C:\Users\bhavy\OneDrive\Desktop\CarteNav Solutions\GitHub\Assignment 01\Assignment01.c(331,67): warning C4244: 'function': conversion from 'double' to 'GLfloat', possible loss of data
C:\Users\bhavy\OneDrive\Desktop\CarteNav Solutions\GitHub\Assignment 01\Assignment01.c(334,39): warning C4244: 'function': conversion from 'double' to 'GLfloat', possible loss of data
C:\Users\bhavy\OneDrive\Desktop\CarteNav Solutions\GitHub\Assignment 01\Assignment01.c(334,67): warning C4244: 'function': conversion from 'double' to 'GLfloat', possible loss of data
C:\Users\bhavy\OneDrive\Desktop\CarteNav Solutions\GitHub\Assignment 01\Assignment01.c(337,16): warning C4305: 'function': truncation from 'double' to 'GLfloat'
C:\Users\bhavy\OneDrive\Desktop\CarteNav Solutions\GitHub\Assignment 01\Assignment01.c(337,44): warning C4244: 'function': conversion from 'double' to 'GLfloat', possible loss of data
C:\Users\bhavy\OneDrive\Desktop\CarteNav Solutions\GitHub\Assignment 01\Assignment01.c(340,39): warning C4244: 'function': conversion from 'double' to 'GLfloat', possible loss of data
C:\Users\bhavy\OneDrive\Desktop\CarteNav Solutions\GitHub\Assignment 01\Assignment01.c(340,67): warning C4244: 'function': conversion from 'double' to 'GLfloat', possible loss of data
C:\Users\bhavy\OneDrive\Desktop\CarteNav Solutions\GitHub\Assignment 01\Assignment01.c(346,39): warning C4244: 'function': conversion from 'double' to 'GLfloat', possible loss of data
C:\Users\bhavy\OneDrive\Desktop\CarteNav Solutions\GitHub\Assignment 01\Assignment01.c(346,67): warning C4244: 'function': conversion from 'double' to 'GLfloat', possible loss of data
C:\Users\bhavy\OneDrive\Desktop\CarteNav Solutions\GitHub\Assignment 01\Assignment01.c(349,39): warning C4244: 'function': conversion from 'double' to 'GLfloat', possible loss of data
C:\Users\bhavy\OneDrive\Desktop\CarteNav Solutions\GitHub\Assignment 01\Assignment01.c(349,67): warning C4244: 'function': conversion from 'double' to 'GLfloat', possible loss of data
C:\Users\bhavy\OneDrive\Desktop\CarteNav Solutions\GitHub\Assignment 01\Assignment01.c(352,39): warning C4244: 'function': conversion from 'double' to 'GLfloat', possible loss of data
C:\Users\bhavy\OneDrive\Desktop\CarteNav Solutions\GitHub\Assignment 01\Assignment01.c(352,67): warning C4244: 'function': conversion from 'double' to 'GLfloat', possible loss of data
C:\Users\bhavy\OneDrive\Desktop\CarteNav Solutions\GitHub\Assignment 01\Assignment01.c(355,39): warning C4244: 'function': conversion from 'double' to 'GLfloat', possible loss of data
C:\Users\bhavy\OneDrive\Desktop\CarteNav Solutions\GitHub\Assignment 01\Assignment01.c(355,67): warning C4244: 'function': conversion from 'double' to 'GLfloat', possible loss of data
C:\Users\bhavy\OneDrive\Desktop\CarteNav Solutions\GitHub\Assignment 01\Assignment01.c(361,39): warning C4244: 'function': conversion from 'double' to 'GLfloat', possible loss of data
C:\Users\bhavy\OneDrive\Desktop\CarteNav Solutions\GitHub\Assignment 01\Assignment01.c(361,67): warning C4244: 'function': conversion from 'double' to 'GLfloat', possible loss of data
C:\Users\bhavy\OneDrive\Desktop\CarteNav Solutions\GitHub\Assignment 01\Assignment01.c(364,44): warning C4244: 'function': conversion from 'double' to 'GLfloat', possible loss of data
C:\Users\bhavy\OneDrive\Desktop\CarteNav Solutions\GitHub\Assignment 01\Assignment01.c(367,39): warning C4244: 'function': conversion from 'double' to 'GLfloat', possible loss of data
C:\Users\bhavy\OneDrive\Desktop\CarteNav Solutions\GitHub\Assignment 01\Assignment01.c(367,67): warning C4244: 'function': conversion from 'double' to 'GLfloat', possible loss of data
C:\Users\bhavy\OneDrive\Desktop\CarteNav Solutions\GitHub\Assignment 01\Assignment01.c(370,39): warning C4244: 'function': conversion from 'double' to 'GLfloat', possible loss of data
C:\Users\bhavy\OneDrive\Desktop\CarteNav Solutions\GitHub\Assignment 01\Assignment01.c(370,67): warning C4244: 'function': conversion from 'double' to 'GLfloat', possible loss of data
C:\Users\bhavy\OneDrive\Desktop\CarteNav Solutions\GitHub\Assignment 01\Assignment01.c(376,16): warning C4305: 'function': truncation from 'double' to 'GLfloat'
C:\Users\bhavy\OneDrive\Desktop\CarteNav Solutions\GitHub\Assignment 01\Assignment01.c(376,44): warning C4244: 'function': conversion from 'double' to 'GLfloat', possible loss of data
C:\Users\bhavy\OneDrive\Desktop\CarteNav Solutions\GitHub\Assignment 01\Assignment01.c(378,44): warning C4244: 'function': conversion from 'double' to 'GLfloat', possible loss of data
C:\Users\bhavy\OneDrive\Desktop\CarteNav Solutions\GitHub\Assignment 01\Assignment01.c(380,44): warning C4244: 'function': conversion from 'double' to 'GLfloat', possible loss of data
C:\Users\bhavy\OneDrive\Desktop\CarteNav Solutions\GitHub\Assignment 01\Assignment01.c(382,16): warning C4305: 'function': truncation from 'double' to 'GLfloat'
C:\Users\bhavy\OneDrive\Desktop\CarteNav Solutions\GitHub\Assignment 01\Assignment01.c(382,44): warning C4244: 'function': conversion from 'double' to 'GLfloat', possible loss of data
C:\Users\bhavy\OneDrive\Desktop\CarteNav Solutions\GitHub\Assignment 01\Assignment01.c(388,39): warning C4244: 'function': conversion from 'double' to 'GLfloat', possible loss of data
C:\Users\bhavy\OneDrive\Desktop\CarteNav Solutions\GitHub\Assignment 01\Assignment01.c(388,67): warning C4244: 'function': conversion from 'double' to 'GLfloat', possible loss of data
C:\Users\bhavy\OneDrive\Desktop\CarteNav Solutions\GitHub\Assignment 01\Assignment01.c(391,39): warning C4244: 'function': conversion from 'double' to 'GLfloat', possible loss of data
C:\Users\bhavy\OneDrive\Desktop\CarteNav Solutions\GitHub\Assignment 01\Assignment01.c(391,67): warning C4244: 'function': conversion from 'double' to 'GLfloat', possible loss of data
C:\Users\bhavy\OneDrive\Desktop\CarteNav Solutions\GitHub\Assignment 01\Assignment01.c(394,44): warning C4244: 'function': conversion from 'double' to 'GLfloat', possible loss of data
C:\Users\bhavy\OneDrive\Desktop\CarteNav Solutions\GitHub\Assignment 01\Assignment01.c(397,39): warning C4244: 'function': conversion from 'double' to 'GLfloat', possible loss of data
C:\Users\bhavy\OneDrive\Desktop\CarteNav Solutions\GitHub\Assignment 01\Assignment01.c(397,67): warning C4244: 'function': conversion from 'double' to 'GLfloat', possible loss of data
C:\Users\bhavy\OneDrive\Desktop\CarteNav Solutions\GitHub\Assignment 01\Assignment01.c(403,44): warning C4244: 'function': conversion from 'double' to 'GLfloat', possible loss of data
C:\Users\bhavy\OneDrive\Desktop\CarteNav Solutions\GitHub\Assignment 01\Assignment01.c(406,39): warning C4244: 'function': conversion from 'double' to 'GLfloat', possible loss of data
C:\Users\bhavy\OneDrive\Desktop\CarteNav Solutions\GitHub\Assignment 01\Assignment01.c(406,67): warning C4244: 'function': conversion from 'double' to 'GLfloat', possible loss of data
C:\Users\bhavy\OneDrive\Desktop\CarteNav Solutions\GitHub\Assignment 01\Assignment01.c(409,39): warning C4244: 'function': conversion from 'double' to 'GLfloat', possible loss of data
C:\Users\bhavy\OneDrive\Desktop\CarteNav Solutions\GitHub\Assignment 01\Assignment01.c(409,67): warning C4244: 'function': conversion from 'double' to 'GLfloat', possible loss of data
C:\Users\bhavy\OneDrive\Desktop\CarteNav Solutions\GitHub\Assignment 01\Assignment01.c(412,39): warning C4244: 'function': conversion from 'double' to 'GLfloat', possible loss of data
C:\Users\bhavy\OneDrive\Desktop\CarteNav Solutions\GitHub\Assignment 01\Assignment01.c(412,67): warning C4244: 'function': conversion from 'double' to 'GLfloat', possible loss of data
C:\Users\bhavy\OneDrive\Desktop\CarteNav Solutions\GitHub\Assignment 01\Assignment01.c(427,31): warning C4244: 'function': conversion from 'GLdouble' to 'GLfloat', possible loss of data
C:\Users\bhavy\OneDrive\Desktop\CarteNav Solutions\GitHub\Assignment 01\Assignment01.c(431,17): warning C4305: 'function': truncation from 'double' to 'GLfloat'
C:\Users\bhavy\OneDrive\Desktop\CarteNav Solutions\GitHub\Assignment 01\Assignment01.c(431,23): warning C4305: 'function': truncation from 'double' to 'GLfloat'
C:\Users\bhavy\OneDrive\Desktop\CarteNav Solutions\GitHub\Assignment 01\Assignment01.c(432,22): warning C4305: 'function': truncation from 'double' to 'GLfloat'
C:\Users\bhavy\OneDrive\Desktop\CarteNav Solutions\GitHub\Assignment 01\Assignment01.c(433,22): warning C4305: 'function': truncation from 'double' to 'GLfloat'
C:\Users\bhavy\OneDrive\Desktop\CarteNav Solutions\GitHub\Assignment 01\Assignment01.c(434,17): warning C4305: 'function': truncation from 'double' to 'GLfloat'
C:\Users\bhavy\OneDrive\Desktop\CarteNav Solutions\GitHub\Assignment 01\Assignment01.c(434,23): warning C4305: 'function': truncation from 'double' to 'GLfloat'
C:\Users\bhavy\OneDrive\Desktop\CarteNav Solutions\GitHub\Assignment 01\Assignment01.c(438,28): warning C4244: 'function': conversion from 'GLdouble' to 'GLfloat', possible loss of data
C:\Users\bhavy\OneDrive\Desktop\CarteNav Solutions\GitHub\Assignment 01\Assignment01.c(438,46): warning C4244: 'function': conversion from 'GLdouble' to 'GLfloat', possible loss of data
C:\Users\bhavy\OneDrive\Desktop\CarteNav Solutions\GitHub\Assignment 01\Assignment01.c(438,64): warning C4244: 'function': conversion from 'GLdouble' to 'GLfloat', possible loss of data
C:\Users\bhavy\OneDrive\Desktop\CarteNav Solutions\GitHub\Assignment 01\Assignment01.c(441,21): warning C4305: 'function': truncation from 'double' to 'GLfloat'
C:\Users\bhavy\OneDrive\Desktop\CarteNav Solutions\GitHub\Assignment 01\Assignment01.c(441,28): warning C4305: 'function': truncation from 'double' to 'GLfloat'
  Assignment 01.vcxproj -> C:\Users\bhavy\OneDrive\Desktop\CarteNav Solutions\GitHub\Assignment 01\Debug\Assignment 01.exe
